<?xml version="1.0" encoding="UTF-8"?>
<!-- Generated by org.testng.reporters.JUnitReportReporter -->
<testsuite hostname="Home-PC" name="testcases.TC001_LoginLogOut" tests="2" failures="0" timestamp="10 Dec 2017 03:15:27 GMT" time="70.497" errors="0">
  <testcase name="logInLogOut" time="33.374" classname="testcases.TC001_LoginLogOut"/>
  <testcase name="logInLogOut" time="37.123" classname="testcases.TC001_LoginLogOut"/>
</testsuite> <!-- testcases.TC001_LoginLogOut -->
