<?xml version="1.0" encoding="UTF-8"?>
<!-- Generated by org.testng.reporters.JUnitReportReporter -->
<testsuite hostname="Home-PC" name="testcases.TC003_CreateLead" tests="2" failures="0" timestamp="10 Dec 2017 07:57:40 GMT" time="170.584" errors="0">
  <testcase name="createLead" time="68.999" classname="testcases.TC003_CreateLead"/>
  <testcase name="createLead" time="101.585" classname="testcases.TC003_CreateLead"/>
</testsuite> <!-- testcases.TC003_CreateLead -->
