<?xml version="1.0" encoding="UTF-8"?>
<!-- Generated by org.testng.reporters.JUnitReportReporter -->
<testsuite hostname="Home-PC" name="testcases.TC002_LoginNegative" tests="4" failures="0" timestamp="10 Dec 2017 03:15:27 GMT" time="211.442" errors="0">
  <testcase name="loginFail" time="79.405" classname="testcases.TC002_LoginNegative"/>
  <testcase name="loginFail" time="62.033" classname="testcases.TC002_LoginNegative"/>
  <testcase name="loginFail" time="43.919" classname="testcases.TC002_LoginNegative"/>
  <testcase name="loginFail" time="26.085" classname="testcases.TC002_LoginNegative"/>
</testsuite> <!-- testcases.TC002_LoginNegative -->
